<?xml version="1.0" encoding="UTF-8"?>
<testng-results ignored="0" total="1" passed="1" failed="0" skipped="0">
  <reporter-output>
  </reporter-output>
  <suite started-at="2024-11-27T11:45:12 IST" name="Default suite" finished-at="2024-11-27T11:45:29 IST" duration-ms="16838">
    <groups>
    </groups>
    <test started-at="2024-11-27T11:45:12 IST" name="Default test" finished-at="2024-11-27T11:45:29 IST" duration-ms="16838">
      <class name="users.first">
        <test-method is-config="true" signature="beforeClass()[pri:0, instance:users.first@82de64a]" started-at="2024-11-27T11:45:12 IST" name="beforeClass" finished-at="2024-11-27T11:45:29 IST" duration-ms="16789" status="PASS">
          <reporter-output>
          </reporter-output>
        </test-method> <!-- beforeClass -->
        <test-method signature="add()[pri:0, instance:users.first@82de64a]" started-at="2024-11-27T11:45:29 IST" name="add" finished-at="2024-11-27T11:45:29 IST" duration-ms="9" status="PASS">
          <reporter-output>
          </reporter-output>
        </test-method> <!-- add -->
      </class> <!-- users.first -->
    </test> <!-- Default test -->
  </suite> <!-- Default suite -->
</testng-results>
